261
85 86
77 86
76 86
83 93
23 34
34 35
24 34
33 34
15 25
25 26
30 31
20 30
14 24
23 24
24 35
88 89
34 44
89 99
79 89
2 11
11 12
0 11
1 11
10 11
15 24
75 76
78 88
78 79
77 78
62 71
62 73
52 62
62 72
52 63
63 64
64 75
55 64
64 65
61 62
2 12
33 42
32 42
12 23
12 21
3 12
12 22
34 43
12 13
5 16
54 63
16 17
58 59
51 52
52 53
27 37
86 96
8 17
8 18
8 9
11 21
4 15
4 14
60 61
50 60
28 29
27 28
28 38
9 19
32 33
33 43
23 33
18 29
76 77
29 39
70 71
70 80
66 67
93 94
38 49
38 39
55 65
46 55
64 74
55 56
41 42
45 55
30 40
94 95
66 76
90 91
88 99
88 98
62 63
79 88
51 61
0 1
83 92
68 69
78 87
57 58
4 5
75 84
57 66
7 8
71 81
87 97
66 77
17 28
98 99
24 25
85 96
37 48
80 81
57 68
16 26
64 73
81 92
40 50
84 94
56 65
5 6
69 79
37 47
6 16
49 58
0 10
49 59
66 75
39 49
31 41
96 97
68 78
14 23
41 52
68 77
84 85
71 72
21 31
20 31
31 32
59 69
81 91
17 18
17 26
45 54
81 82
84 93
20 21
50 61
56 57
92 93
3 14
48 58
63 73
84 95
40 51
47 48
27 36
44 54
30 41
18 28
58 68
7 17
80 90
36 37
10 20
97 98
75 85
68 79
13 14
82 92
1 2
42 52
65 75
95 96
87 98
26 27
3 13
13 23
23 32
35 36
25 35
72 73
45 46
54 64
19 29
87 96
43 44
52 61
22 23
56 66
9 18
60 71
46 57
75 86
85 95
21 22
41 51
5 15
14 15
10 21
28 37
50 51
83 84
3 4
67 77
91 92
53 54
71 82
35 44
59 68
81 90
40 41
74 84
77 87
73 74
74 75
42 53
44 45
18 19
48 57
48 49
72 82
86 87
22 32
2 3
32 41
25 36
46 47
15 16
21 32
6 7
36 45
36 47
43 53
82 83
15 26
53 63
43 54
35 45
42 43
72 83
17 27
60 70
46 56
54 55
71 80
29 38
38 48
7 16
67 68
61 71
47 57
65 66
57 67
36 46
73 83
37 38
74 83
26 36
87 88
