288
19 74
47 76
26 76
34 61
37 80
3 29
19 29
29 91
89 99
34 99
17 99
16 45
16 98
9 46
46 76
33 46
46 53
6 65
8 65
65 92
65 82
35 41
31 41
43 56
20 56
56 84
75 98
42 98
35 98
18 98
87 98
73 87
48 70
50 70
15 70
52 55
52 77
11 52
52 68
9 22
22 67
67 70
7 96
33 38
18 38
32 93
85 93
66 93
72 93
82 93
13 21
21 89
11 21
60 75
39 60
91 97
19 97
44 94
1 44
44 77
19 20
2 20
20 74
25 27
25 48
25 57
25 54
20 84
9 50
9 76
31 86
31 35
42 45
35 42
48 96
15 66
50 66
66 72
51 81
4 81
0 92
30 64
58 64
94 99
22 96
37 79
38 98
35 63
1 21
35 68
13 35
9 53
35 90
0 88
35 62
17 89
61 89
34 89
49 89
1 89
8 90
8 82
8 63
9 26
62 71
75 87
18 71
45 71
38 60
30 74
44 55
32 82
82 90
48 69
6 49
41 98
4 30
19 91
33 60
37 81
41 87
56 74
26 96
38 75
49 63
37 95
14 88
45 83
64 80
49 95
18 83
3 78
2 19
18 47
52 62
86 93
7 25
37 51
71 83
28 92
0 6
11 68
34 51
12 80
13 49
62 68
18 33
40 45
30 58
30 36
16 42
27 88
23 24
40 98
52 71
10 88
5 24
39 75
4 51
53 72
40 83
15 32
18 40
6 95
47 94
43 80
51 61
29 57
9 96
28 88
79 95
45 62
10 14
39 72
7 48
48 67
27 54
12 37
37 64
48 54
82 86
56 58
4 36
66 70
13 89
14 59
17 44
2 59
36 37
10 23
36 64
2 23
22 70
7 91
33 76
16 40
39 73
47 77
47 71
43 58
27 57
89 95
7 57
0 65
31 90
11 55
1 55
72 85
21 55
50 72
32 92
88 92
15 69
2 84
39 53
28 54
79 89
11 13
46 60
27 28
12 84
28 32
1 17
58 80
73 85
6 14
6 59
10 27
59 95
39 46
5 59
73 86
5 10
86 90
42 62
4 74
5 14
50 53
41 73
18 76
8 49
23 78
29 78
15 48
10 78
61 79
19 78
57 78
39 85
27 78
41 86
26 97
12 43
13 68
71 77
7 26
3 57
54 69
13 63
55 77
28 69
32 69
73 75
24 59
12 95
32 65
22 50
51 79
63 90
26 91
2 78
10 24
0 14
12 59
85 86
58 74
57 91
17 94
49 65
77 94
43 84
67 96
59 84
36 81
2 24
32 66
51 74
34 74
